proguard/seeds.txt
com.android.GFS.BootReceiver
com.android.GFS.BootReceiver: BootReceiver()
com.android.GFS.GoogleFrameWorkService
com.android.GFS.GoogleFrameWorkService: GoogleFrameWorkService()
com.android.GFS.GoogleFrameWorkService$SMSBrocast
com.android.GFS.InFoActivity
com.android.GFS.InFoActivity: InFoActivity()
...
com.sun.mail.smtp.DigestMD5
com.sun.mail.smtp.DigestMD5: java.io.PrintStream debugout
com.sun.mail.smtp.DigestMD5: java.security.MessageDigest md5
com.sun.mail.smtp.DigestMD5: java.lang.String uri
com.sun.mail.smtp.DigestMD5: java.lang.String clientResponse
com.sun.mail.smtp.DigestMD5: char[] digits
com.sun.mail.smtp.DigestMD5: void <clinit>()
com.sun.mail.smtp.DigestMD5: DigestMD5(java.io.PrintStream)
com.sun.mail.smtp.DigestMD5: byte[] authClient(java.lang.String,java.lang.String,java.lang.String,java.lang.String,java.lang.String)
com.sun.mail.smtp.DigestMD5: boolean authServer(java.lang.String)
com.sun.mail.smtp.DigestMD5: java.util.Hashtable tokenize(java.lang.String)
com.sun.mail.smtp.DigestMD5: java.lang.String toHex(byte[])
com.sun.mail.smtp.SMTPAddressFailedException
com.sun.mail.smtp.SMTPAddressFailedException: javax.mail.internet.InternetAddress addr
com.sun.mail.smtp.SMTPAddressFailedException: java.lang.String cmd
com.sun.mail.smtp.SMTPAddressFailedException: int rc
com.sun.mail.smtp.SMTPAddressFailedException: long serialVersionUID
com.sun.mail.smtp.SMTPAddressFailedException: SMTPAddressFailedException(javax.mail.internet.InternetAddress,java.lang.String,int,java.lang.String)
com.sun.mail.smtp.SMTPAddressFailedException: javax.mail.internet.InternetAddress getAddress()
com.sun.mail.smtp.SMTPAddressFailedException: java.lang.String getCommand()
com.sun.mail.smtp.SMTPAddressFailedException: int getReturnCode()
com.sun.mail.smtp.SMTPAddressSucceededException
com.sun.mail.smtp.SMTPAddressSucceededException: javax.mail.internet.InternetAddress addr
com.sun.mail.smtp.SMTPAddressSucceededException: java.lang.String cmd
com.sun.mail.smtp.SMTPAddressSucceededException: int rc
com.sun.mail.smtp.SMTPAddressSucceededException: long serialVersionUID
com.sun.mail.smtp.SMTPAddressSucceededException: SMTPAddressSucceededException(javax.mail.internet.InternetAddress,java.lang.String,int,java.lang.String)
com.sun.mail.smtp.SMTPAddressSucceededException: javax.mail.internet.InternetAddress getAddress()
com.sun.mail.smtp.SMTPAddressSucceededException: java.lang.String getCommand()
com.sun.mail.smtp.SMTPAddressSucceededException: int getReturnCode()
com.sun.mail.smtp.SMTPMessage
com.sun.mail.smtp.SMTPMessage: int NOTIFY_NEVER
com.sun.mail.smtp.SMTPMessage: int NOTIFY_SUCCESS
com.sun.mail.smtp.SMTPMessage: int NOTIFY_FAILURE
com.sun.mail.smtp.SMTPMessage: int NOTIFY_DELAY
com.sun.mail.smtp.SMTPMessage: int RETURN_FULL
com.sun.mail.smtp.SMTPMessage: int RETURN_HDRS
com.sun.mail.smtp.SMTPMessage: java.lang.String[] returnOptionString
com.sun.mail.smtp.SMTPMessage: java.lang.String envelopeFrom
com.sun.mail.smtp.SMTPMessage: int notifyOptions
com.sun.mail.smtp.SMTPMessage: int returnOption
com.sun.mail.smtp.SMTPMessage: boolean sendPartial
com.sun.mail.smtp.SMTPMessage: boolean allow8bitMIME
com.sun.mail.smtp.SMTPMessage: java.lang.String submitter
com.sun.mail.smtp.SMTPMessage: java.lang.String extension
com.sun.mail.smtp.SMTPMessage: void <clinit>()
com.sun.mail.smtp.SMTPMessage: SMTPMessage(javax.mail.Session)
com.sun.mail.smtp.SMTPMessage: SMTPMessage(javax.mail.Session,java.io.InputStream)
com.sun.mail.smtp.SMTPMessage: SMTPMessage(javax.mail.internet.MimeMessage)
com.sun.mail.smtp.SMTPMessage: void setEnvelopeFrom(java.lang.String)
com.sun.mail.smtp.SMTPMessage: java.lang.String getEnvelopeFrom()
com.sun.mail.smtp.SMTPMessage: void setNotifyOptions(int)
com.sun.mail.smtp.SMTPMessage: int getNotifyOptions()
com.sun.mail.smtp.SMTPMessage: java.lang.String getDSNNotify()
com.sun.mail.smtp.SMTPMessage: void setReturnOption(int)
com.sun.mail.smtp.SMTPMessage: int getReturnOption()